<?xml version="1.0" encoding="UTF-8"?>
<!-- Generated by org.testng.reporters.JUnitReportReporter -->
<testsuite hostname="NODLTP52093562A" failures="0" tests="1" name="MavenProject.Maventest.SeleniumTest" time="0.029" errors="0" timestamp="2020-09-19T13:15:50 IST" skipped="0">
  <testcase classname="MavenProject.Maventest.SeleniumTest" name="seleniumTest2" time="0.029"/>
  <system-out/>
</testsuite> <!-- MavenProject.Maventest.SeleniumTest -->
