<?xml version="1.0" encoding="UTF-8"?>
<!-- Generated by org.testng.reporters.JUnitReportReporter -->
<testsuite hostname="NODLTP52093562A" failures="0" tests="2" name="MavenProject.Maventest.MobileTest" time="0.010" errors="0" timestamp="2020-09-21T16:32:43 IST" skipped="0">
  <testcase classname="MavenProject.Maventest.MobileTest" name="mobileTest2" time="0.001"/>
  <system-out/>
  <testcase classname="MavenProject.Maventest.MobileTest" name="mobileTest" time="0.009"/>
  <system-out/>
</testsuite> <!-- MavenProject.Maventest.MobileTest -->
